<?xml version="1.0" encoding="UTF-8"?>
<!-- Generated by org.testng.reporters.JUnitReportReporter -->
<testsuite hostname="DESKTOP-MQ2OVQS" failures="0" tests="2" name="api.test.UserTests" time="9.078" errors="0" timestamp="2024-01-26T17:25:07 IST" skipped="0">
  <testcase classname="api.test.UserTests" name="create_user_and_delete_user_test" time="5.283"/>
  <system-out/>
  <testcase classname="api.test.UserTests" name="create_user_and_get_user_test" time="3.795"/>
  <system-out/>
</testsuite> <!-- api.test.UserTests -->
