<?xml version="1.0" encoding="UTF-8"?>
<!-- Generated by org.testng.reporters.JUnitReportReporter -->
<testsuite hostname="DESKTOP-MQ2OVQS" failures="0" tests="3" name="api.test.UserDataDrivenTest" time="6.450" errors="0" timestamp="2024-01-26T17:06:55 IST" skipped="0">
  <testcase classname="api.test.UserDataDrivenTest" name="create_multiple_user" time="1.404"/>
  <system-out/>
  <testcase classname="api.test.UserDataDrivenTest" name="create_multiple_user" time="1.342"/>
  <system-out/>
  <testcase classname="api.test.UserDataDrivenTest" name="create_multiple_user" time="3.704"/>
  <system-out/>
</testsuite> <!-- api.test.UserDataDrivenTest -->
