<?xml version="1.0" encoding="UTF-8"?>
<!-- Generated by org.testng.reporters.JUnitReportReporter -->
<testsuite hostname="DESKTOP-MQ2OVQS" failures="0" tests="1" name="tests.TestJsonSchema" time="2.575" errors="0" timestamp="2024-01-16T14:20:03 IST" skipped="0">
  <testcase classname="tests.TestJsonSchema" name="test_list_user_json_schema" time="2.575"/>
  <system-out/>
</testsuite> <!-- tests.TestJsonSchema -->
