<?xml version="1.0" encoding="UTF-8"?>
<!-- Generated by org.testng.reporters.JUnitReportReporter -->
<testsuite hostname="DESKTOP-MQ2OVQS" failures="0" tests="2" name="tests.TestListUser" time="3.655" errors="0" timestamp="2024-01-16T14:10:00 IST" skipped="0">
  <testcase classname="tests.TestListUser" name="test_list_user" time="1.662"/>
  <system-out/>
  <testcase classname="tests.TestListUser" name="test_get_user" time="1.993"/>
  <system-out/>
</testsuite> <!-- tests.TestListUser -->
