<?xml version="1.0" encoding="UTF-8"?>
<!-- Generated by org.testng.reporters.JUnitReportReporter -->
<testsuite hostname="DESKTOP-MQ2OVQS" failures="0" tests="1" name="tests.TestCreateUser" time="3.436" errors="0" timestamp="2024-01-13T17:59:25 IST" skipped="0">
  <testcase classname="tests.TestCreateUser" name="create_user" time="3.436"/>
  <system-out/>
</testsuite> <!-- tests.TestCreateUser -->
