<?xml version="1.0" encoding="UTF-8"?>
<!-- Generated by org.testng.reporters.JUnitReportReporter -->
<testsuite hostname="DESKTOP-MQ2OVQS" failures="0" tests="3" name="api.test.UserDataDrivenTest" time="12.600" errors="0" timestamp="2024-01-27T12:44:03 IST" skipped="0">
  <testcase classname="api.test.UserDataDrivenTest" name="create_multiple_user" time="6.699"/>
  <system-out/>
  <testcase classname="api.test.UserDataDrivenTest" name="create_multiple_user" time="2.814"/>
  <system-out/>
  <testcase classname="api.test.UserDataDrivenTest" name="create_multiple_user" time="3.087"/>
  <system-out/>
</testsuite> <!-- api.test.UserDataDrivenTest -->
