<?xml version="1.0" encoding="UTF-8"?>
<!-- Generated by org.testng.reporters.JUnitReportReporter -->
<testsuite hostname="DESKTOP-MQ2OVQS" failures="0" tests="2" name="api.test.UserTests" time="8.547" errors="0" timestamp="2024-01-27T12:44:03 IST" skipped="0">
  <testcase classname="api.test.UserTests" name="create_user_and_delete_user_test" time="2.915"/>
  <system-out/>
  <testcase classname="api.test.UserTests" name="create_user_and_get_user_test" time="5.632"/>
  <system-out/>
</testsuite> <!-- api.test.UserTests -->
