<?xml version="1.0" encoding="UTF-8"?>
<!-- Generated by org.testng.reporters.JUnitReportReporter -->
<testsuite hostname="DESKTOP-MQ2OVQS" failures="0" tests="1" name="tests.TestGetUser" time="3.357" errors="0" timestamp="2024-01-13T16:25:58 IST" skipped="0">
  <testcase classname="tests.TestGetUser" name="test_get_user" time="3.357"/>
  <system-out/>
</testsuite> <!-- tests.TestGetUser -->
