<?xml version="1.0" encoding="UTF-8"?>
<!-- Generated by org.testng.reporters.JUnitReportReporter -->
<testsuite hostname="DESKTOP-MQ2OVQS" failures="0" tests="1" name="api.test.CreateStoreTest" time="3.826" errors="0" timestamp="2024-01-27T14:48:55 IST" skipped="0">
  <testcase classname="api.test.CreateStoreTest" name="create_store_test" time="3.826"/>
  <system-out/>
</testsuite> <!-- api.test.CreateStoreTest -->
