<?xml version="1.0" encoding="UTF-8"?>
<!-- Generated by org.testng.reporters.JUnitReportReporter -->
<testsuite hostname="DESKTOP-MQ2OVQS" failures="0" tests="3" name="api.test.UserDataDrivenTest" time="10.392" errors="0" timestamp="2024-01-27T15:24:15 IST" skipped="0">
  <testcase classname="api.test.UserDataDrivenTest" name="create_multiple_user" time="2.776"/>
  <testcase classname="api.test.UserDataDrivenTest" name="create_multiple_user" time="2.601"/>
  <testcase classname="api.test.UserDataDrivenTest" name="create_multiple_user" time="5.015"/>
</testsuite> <!-- api.test.UserDataDrivenTest -->
