<?xml version="1.0" encoding="UTF-8"?>
<!-- Generated by org.testng.reporters.JUnitReportReporter -->
<testsuite hostname="DESKTOP-MQ2OVQS" failures="0" tests="1" name="api.test.CreateStoreTest" time="1.371" errors="0" timestamp="2024-01-27T15:24:15 IST" skipped="0">
  <testcase classname="api.test.CreateStoreTest" name="create_store_test" time="1.371"/>
</testsuite> <!-- api.test.CreateStoreTest -->
