<?xml version="1.0" encoding="UTF-8"?>
<!-- Generated by org.testng.reporters.JUnitReportReporter -->
<testsuite hostname="DESKTOP-MQ2OVQS" failures="0" tests="2" name="api.test.UserTests" time="6.450" errors="0" timestamp="2024-01-27T15:24:15 IST" skipped="0">
  <testcase classname="api.test.UserTests" name="create_user_and_get_user_test" time="3.751"/>
  <testcase classname="api.test.UserTests" name="create_user_and_delete_user_test" time="2.699"/>
</testsuite> <!-- api.test.UserTests -->
